<?xml version="1.0" encoding="UTF-8"?>
<!-- Generated by org.testng.reporters.JUnitReportReporter -->
<testsuite hostname="Rahuls-MacBook-Pro.local" name="currencyConvertor.endToEndTestCases" tests="14" failures="0" timestamp="27 Feb 2016 05:54:18 GMT" time="10.355" errors="1">
  <testcase name="verifyDefaultFavoritesListInQuoteCurrencySelectorDropDown" time="0.256" classname="currencyConvertor.endToEndTestCases"/>
  <testcase name="checkFlipperButton" time="0.460" classname="currencyConvertor.endToEndTestCases"/>
  <testcase name="checkAutoCompleteQuoteCurrencySelector" time="3.865" classname="currencyConvertor.endToEndTestCases"/>
  <testcase name="checkBaseCurrencySelector" time="0.402" classname="currencyConvertor.endToEndTestCases"/>
  <testcase name="checkAutoCompleteBaseCurrencySelector" time="2.986" classname="currencyConvertor.endToEndTestCases"/>
  <testcase name="checkQuoteCurrencySelector" time="0.359" classname="currencyConvertor.endToEndTestCases"/>
  <testcase name="checkCurrencyChart" time="0.238" classname="currencyConvertor.endToEndTestCases"/>
  <testcase name="verifyDefaultBaseCurrency" time="0.330" classname="currencyConvertor.endToEndTestCases"/>
  <testcase name="verifyRateDetailPanel" time="0.581" classname="currencyConvertor.endToEndTestCases"/>
  <testcase name="dddcheckBaseCurrencySelector" time="0.274" classname="currencyConvertor.endToEndTestCases">
    <error type="org.openqa.selenium.ElementNotVisibleException" message="Element is not currently visible and so may not be interacted with
Command duration or timeout: 13 milliseconds
Build info: version: &#039;2.50.1&#039;, revision: &#039;d7fc91b&#039;, time: &#039;2016-01-29 19:04:49&#039;
System info: host: &#039;Rahuls-MacBook-Pro.local&#039;, ip: &#039;192.168.1.6&#039;, os.name: &#039;Mac OS X&#039;, os.arch: &#039;x86_64&#039;, os.version: &#039;10.11.3&#039;, java.version: &#039;1.8.0_65&#039;
Driver info: org.openqa.selenium.firefox.FirefoxDriver
Capabilities [{applicationCacheEnabled=true, rotatable=false, handlesAlerts=true, databaseEnabled=true, version=44.0.2, platform=MAC, nativeEvents=false, acceptSslCerts=true, webStorageEnabled=true, locationContextEnabled=true, browserName=firefox, takesScreenshot=true, javascriptEnabled=true, cssSelectorsEnabled=true}]
Session ID: fef65fe2-65cc-304a-b9a3-ab622ffc5d7f">
      <![CDATA[org.openqa.selenium.ElementNotVisibleException: Element is not currently visible and so may not be interacted with
Command duration or timeout: 13 milliseconds
Build info: version: '2.50.1', revision: 'd7fc91b', time: '2016-01-29 19:04:49'
System info: host: 'Rahuls-MacBook-Pro.local', ip: '192.168.1.6', os.name: 'Mac OS X', os.arch: 'x86_64', os.version: '10.11.3', java.version: '1.8.0_65'
Driver info: org.openqa.selenium.firefox.FirefoxDriver
Capabilities [{applicationCacheEnabled=true, rotatable=false, handlesAlerts=true, databaseEnabled=true, version=44.0.2, platform=MAC, nativeEvents=false, acceptSslCerts=true, webStorageEnabled=true, locationContextEnabled=true, browserName=firefox, takesScreenshot=true, javascriptEnabled=true, cssSelectorsEnabled=true}]
Session ID: fef65fe2-65cc-304a-b9a3-ab622ffc5d7f
	at sun.reflect.NativeConstructorAccessorImpl.newInstance0(Native Method)
	at sun.reflect.NativeConstructorAccessorImpl.newInstance(NativeConstructorAccessorImpl.java:62)
	at sun.reflect.DelegatingConstructorAccessorImpl.newInstance(DelegatingConstructorAccessorImpl.java:45)
	at java.lang.reflect.Constructor.newInstance(Constructor.java:422)
	at org.openqa.selenium.remote.ErrorHandler.createThrowable(ErrorHandler.java:206)
	at org.openqa.selenium.remote.ErrorHandler.throwIfResponseFailed(ErrorHandler.java:158)
	at org.openqa.selenium.remote.RemoteWebDriver.execute(RemoteWebDriver.java:678)
	at org.openqa.selenium.remote.RemoteWebElement.execute(RemoteWebElement.java:327)
	at org.openqa.selenium.remote.RemoteWebElement.click(RemoteWebElement.java:85)
	at currencyConvertor.endToEndTestCases.dddcheckBaseCurrencySelector(endToEndTestCases.java:269)
	at sun.reflect.NativeMethodAccessorImpl.invoke0(Native Method)
	at sun.reflect.NativeMethodAccessorImpl.invoke(NativeMethodAccessorImpl.java:62)
	at sun.reflect.DelegatingMethodAccessorImpl.invoke(DelegatingMethodAccessorImpl.java:43)
	at java.lang.reflect.Method.invoke(Method.java:497)
	at org.testng.internal.MethodInvocationHelper.invokeMethod(MethodInvocationHelper.java:85)
	at org.testng.internal.Invoker.invokeMethod(Invoker.java:639)
	at org.testng.internal.Invoker.invokeTestMethod(Invoker.java:816)
	at org.testng.internal.Invoker.invokeTestMethods(Invoker.java:1124)
	at org.testng.internal.TestMethodWorker.invokeTestMethods(TestMethodWorker.java:125)
	at org.testng.internal.TestMethodWorker.run(TestMethodWorker.java:108)
	at org.testng.TestRunner.privateRun(TestRunner.java:774)
	at org.testng.TestRunner.run(TestRunner.java:624)
	at org.testng.SuiteRunner.runTest(SuiteRunner.java:359)
	at org.testng.SuiteRunner.runSequentially(SuiteRunner.java:354)
	at org.testng.SuiteRunner.privateRun(SuiteRunner.java:312)
	at org.testng.SuiteRunner.run(SuiteRunner.java:261)
	at org.testng.SuiteRunnerWorker.runSuite(SuiteRunnerWorker.java:52)
	at org.testng.SuiteRunnerWorker.run(SuiteRunnerWorker.java:86)
	at org.testng.TestNG.runSuitesSequentially(TestNG.java:1215)
	at org.testng.TestNG.runSuitesLocally(TestNG.java:1140)
	at org.testng.TestNG.run(TestNG.java:1048)
	at org.testng.remote.RemoteTestNG.run(RemoteTestNG.java:112)
	at org.testng.remote.RemoteTestNG.initAndRun(RemoteTestNG.java:205)
	at org.testng.remote.RemoteTestNG.main(RemoteTestNG.java:176)
Caused by: org.openqa.selenium.ElementNotVisibleException: Element is not currently visible and so may not be interacted with
Build info: version: '2.50.1', revision: 'd7fc91b', time: '2016-01-29 19:04:49'
System info: host: 'Rahuls-MacBook-Pro.local', ip: '192.168.1.6', os.name: 'Mac OS X', os.arch: 'x86_64', os.version: '10.11.3', java.version: '1.8.0_65'
Driver info: driver.version: unknown
	at <anonymous class>.fxdriver.preconditions.visible(file:///var/folders/b_/7rsmqr316cd81r3ws3hs5_qc0000gn/T/anonymous6033532359195775861webdriver-profile/extensions/fxdriver@googlecode.com/components/command-processor.js:10041)
	at <anonymous class>.DelayedCommand.prototype.checkPreconditions_(file:///var/folders/b_/7rsmqr316cd81r3ws3hs5_qc0000gn/T/anonymous6033532359195775861webdriver-profile/extensions/fxdriver@googlecode.com/components/command-processor.js:12578)
	at <anonymous class>.DelayedCommand.prototype.executeInternal_/h(file:///var/folders/b_/7rsmqr316cd81r3ws3hs5_qc0000gn/T/anonymous6033532359195775861webdriver-profile/extensions/fxdriver@googlecode.com/components/command-processor.js:12595)
	at <anonymous class>.DelayedCommand.prototype.executeInternal_(file:///var/folders/b_/7rsmqr316cd81r3ws3hs5_qc0000gn/T/anonymous6033532359195775861webdriver-profile/extensions/fxdriver@googlecode.com/components/command-processor.js:12600)
	at <anonymous class>.DelayedCommand.prototype.execute/<(file:///var/folders/b_/7rsmqr316cd81r3ws3hs5_qc0000gn/T/anonymous6033532359195775861webdriver-profile/extensions/fxdriver@googlecode.com/components/command-processor.js:12542)
]]>
    </error>
  </testcase> <!-- dddcheckBaseCurrencySelector -->
  <testcase name="verifyDefaultQuoteCurrency" time="0.165" classname="currencyConvertor.endToEndTestCases"/>
  <testcase name="verifyInterBankAndDefaultDate" time="0.092" classname="currencyConvertor.endToEndTestCases"/>
  <testcase name="verifyTitleName" time="0.014" classname="currencyConvertor.endToEndTestCases"/>
  <testcase name="verifyDefaultFavoritesListInBaseCurrencySelectorDropDown" time="0.333" classname="currencyConvertor.endToEndTestCases"/>
</testsuite> <!-- currencyConvertor.endToEndTestCases -->
