<?xml version="1.0" encoding="UTF-8"?>
<!-- Generated by org.testng.reporters.JUnitReportReporter -->
<testsuite hostname="Rahuls-MacBook-Pro.local" name="currencyConvertor.negativeTesting" tests="5" failures="1" timestamp="26 Feb 2016 17:21:06 GMT" time="7.394" errors="0">
  <testcase name="checkAmountTextBoxForDecimalDigits" time="0.196" classname="currencyConvertor.negativeTesting"/>
  <testcase name="checkQuotedCurrencySelectorsForInvalidInput" time="3.924" classname="currencyConvertor.negativeTesting"/>
  <testcase name="checkAmountTextBoxForInvalidInput" time="0.158" classname="currencyConvertor.negativeTesting"/>
  <testcase name="checkBaseCurrencySelectorsForInvalidInput" time="3.009" classname="currencyConvertor.negativeTesting"/>
  <testcase name="checkAmountTextBoxForNegativeValues" time="0.107" classname="currencyConvertor.negativeTesting">
    <failure type="java.lang.AssertionError" message="expected:&lt;0.90712&gt; but was:&lt;-&gt;">
      <![CDATA[java.lang.AssertionError: expected:<0.90712> but was:<->
	at org.testng.AssertJUnit.assertEquals(AssertJUnit.java:101)
	at org.testng.AssertJUnit.assertEquals(AssertJUnit.java:108)
	at currencyConvertor.negativeTesting.checkAmountTextBoxForNegativeValues(negativeTesting.java:108)
	at sun.reflect.NativeMethodAccessorImpl.invoke0(Native Method)
	at sun.reflect.NativeMethodAccessorImpl.invoke(NativeMethodAccessorImpl.java:62)
	at sun.reflect.DelegatingMethodAccessorImpl.invoke(DelegatingMethodAccessorImpl.java:43)
	at java.lang.reflect.Method.invoke(Method.java:497)
	at org.testng.internal.MethodInvocationHelper.invokeMethod(MethodInvocationHelper.java:85)
	at org.testng.internal.Invoker.invokeMethod(Invoker.java:639)
	at org.testng.internal.Invoker.invokeTestMethod(Invoker.java:816)
	at org.testng.internal.Invoker.invokeTestMethods(Invoker.java:1124)
	at org.testng.internal.TestMethodWorker.invokeTestMethods(TestMethodWorker.java:125)
	at org.testng.internal.TestMethodWorker.run(TestMethodWorker.java:108)
	at org.testng.TestRunner.privateRun(TestRunner.java:774)
	at org.testng.TestRunner.run(TestRunner.java:624)
	at org.testng.SuiteRunner.runTest(SuiteRunner.java:359)
	at org.testng.SuiteRunner.runSequentially(SuiteRunner.java:354)
	at org.testng.SuiteRunner.privateRun(SuiteRunner.java:312)
	at org.testng.SuiteRunner.run(SuiteRunner.java:261)
	at org.testng.SuiteRunnerWorker.runSuite(SuiteRunnerWorker.java:52)
	at org.testng.SuiteRunnerWorker.run(SuiteRunnerWorker.java:86)
	at org.testng.TestNG.runSuitesSequentially(TestNG.java:1215)
	at org.testng.TestNG.runSuitesLocally(TestNG.java:1140)
	at org.testng.TestNG.run(TestNG.java:1048)
	at org.testng.remote.RemoteTestNG.run(RemoteTestNG.java:112)
	at org.testng.remote.RemoteTestNG.initAndRun(RemoteTestNG.java:205)
	at org.testng.remote.RemoteTestNG.main(RemoteTestNG.java:176)
]]>
    </failure>
  </testcase> <!-- checkAmountTextBoxForNegativeValues -->
</testsuite> <!-- currencyConvertor.negativeTesting -->
